<?xml version="1.0" encoding="UTF-8"?>
<!-- Generated by org.testng.reporters.JUnitReportReporter -->
<testsuite hostname="NitinsDesktop007" failures="0" tests="1" name="Entrata.com.entrataTests" time="7.634" errors="0" timestamp="2024-10-10T02:09:12 IST" skipped="0">
  <testcase classname="Entrata.com.entrataTests" name="testNavigationToProductsPage" time="7.634"/>
  <system-out/>
</testsuite> <!-- Entrata.com.entrataTests -->
