<?xml version="1.0" encoding="UTF-8"?>
<!-- Generated by org.testng.reporters.JUnitReportReporter -->
<testsuite hostname="NitinsDesktop007" failures="0" tests="4" name="Entrata.com.entrataTestCaase" time="46.700" errors="0" timestamp="2024-10-10T20:38:12 IST" skipped="0">
  <testcase classname="Entrata.com.entrataTestCaase" name="watchDemo" time="16.190"/>
  <system-out/>
  <testcase classname="Entrata.com.entrataTestCaase" name="verifyTitle" time="6.200"/>
  <system-out/>
  <testcase classname="Entrata.com.entrataTestCaase" name="testDynamicContentOnPage" time="9.457"/>
  <system-out/>
  <testcase classname="Entrata.com.entrataTestCaase" name="signInToEntrata" time="14.853"/>
  <system-out/>
</testsuite> <!-- Entrata.com.entrataTestCaase -->
